 imaginary part of "u" "v" "w"
    0      0.000000E+00      0.000000E+00      0.000000E+00
    8      0.207341E-09      0.000000E+00      0.384444E-09
   16      0.299666E-10      0.000000E+00     -0.351557E-10
   24     -0.251545E-09      0.000000E+00      0.759999E-09
   32     -0.131440E-09      0.000000E+00     -0.602274E-10
   40      0.299127E-10      0.000000E+00      0.997578E-10
   48     -0.718620E-10      0.000000E+00      0.207320E-09
   56      0.662838E-09      0.000000E+00      0.143251E-08
   64      0.257461E-11      0.000000E+00     -0.344449E-11
   72      0.121772E-09      0.000000E+00      0.236182E-09
   80      0.977257E-10      0.000000E+00     -0.118573E-09
   88     -0.738409E-09      0.000000E+00      0.595020E-08
   96     -0.222651E-10      0.000000E+00     -0.112817E-10
  104     -0.280225E-09      0.000000E+00      0.834629E-09
  112      0.888167E-09      0.000000E+00     -0.153443E-08
  120      0.316396E-07      0.000000E+00     -0.928755E-07
  128     -0.649521E-08      0.000000E+00      0.171903E-07
  136      0.247282E-09      0.000000E+00     -0.300420E-09
  144      0.135975E-10      0.000000E+00      0.101201E-10
  152      0.612191E-09      0.000000E+00     -0.351764E-08
  160     -0.328730E-10      0.000000E+00     -0.560210E-10
  168     -0.216560E-09      0.000000E+00      0.439909E-09
  176      0.841732E-10      0.000000E+00     -0.533989E-09
  184     -0.246503E-08      0.000000E+00     -0.176756E-10
  192     -0.300870E-12      0.000000E+00     -0.383147E-11
  200     -0.254873E-09      0.000000E+00      0.328041E-09
  208      0.124606E-10      0.000000E+00     -0.696881E-10
  216      0.898227E-09      0.000000E+00     -0.204804E-09
  224     -0.686050E-11      0.000000E+00     -0.758683E-11
  232     -0.924144E-10      0.000000E+00     -0.530373E-10
  240     -0.216046E-08      0.000000E+00      0.526131E-08
  248     -0.303761E-08      0.000000E+00      0.424399E-08
  256      0.633890E-11      0.000000E+00     -0.163434E-10
  264     -0.504601E-11      0.000000E+00      0.480609E-09
  272      0.308779E-10      0.000000E+00     -0.243270E-10
  280      0.442115E-09      0.000000E+00     -0.308290E-08
  288     -0.274230E-09      0.000000E+00      0.189543E-09
  296     -0.124247E-08      0.000000E+00     -0.416835E-09
  304      0.959463E-11      0.000000E+00     -0.138291E-10
  312     -0.148812E-08      0.000000E+00      0.636998E-08
  320     -0.333711E-11      0.000000E+00     -0.242131E-11
  328     -0.111059E-09      0.000000E+00      0.335135E-11
  336     -0.513455E-09      0.000000E+00     -0.210432E-09
  344      0.593091E-09      0.000000E+00     -0.133303E-08
  352     -0.586449E-10      0.000000E+00     -0.212861E-10
  360      0.108133E-10      0.000000E+00      0.165241E-09
  368      0.114136E-10      0.000000E+00     -0.137449E-09
  376      0.853207E-09      0.000000E+00      0.205756E-08
  384      0.907501E-09      0.000000E+00     -0.228909E-08
  392     -0.197745E-09      0.000000E+00      0.330964E-10
  400     -0.555875E-11      0.000000E+00      0.932425E-11
  408     -0.692025E-09      0.000000E+00     -0.242261E-08
  416      0.130154E-09      0.000000E+00      0.216827E-09
  424     -0.236399E-09      0.000000E+00      0.222312E-09
  432     -0.808148E-10      0.000000E+00      0.263166E-10
  440     -0.142226E-08      0.000000E+00      0.843049E-08
  448      0.652034E-11      0.000000E+00      0.143584E-10
  456     -0.194732E-09      0.000000E+00      0.432633E-09
  464     -0.450649E-10      0.000000E+00     -0.808294E-10
  472     -0.395956E-09      0.000000E+00      0.870616E-09
  480     -0.114648E-10      0.000000E+00     -0.633628E-11
  488     -0.256514E-09      0.000000E+00     -0.466424E-10
  496      0.274883E-09      0.000000E+00     -0.802290E-09
  504      0.160055E-09      0.000000E+00      0.469002E-08
  512     -0.126851E-12      0.000000E+00      0.185057E-11
  520     -0.136319E-09      0.000000E+00      0.359969E-09
  528     -0.232578E-11      0.000000E+00      0.519568E-10
  536      0.159294E-09      0.000000E+00      0.184270E-08
  544     -0.377616E-10      0.000000E+00     -0.293045E-10
  552     -0.346618E-09      0.000000E+00      0.240729E-09
  560     -0.103574E-10      0.000000E+00      0.154172E-09
  568     -0.300288E-08      0.000000E+00      0.587268E-08
  576     -0.117706E-11      0.000000E+00      0.648235E-12
  584     -0.170858E-09      0.000000E+00     -0.348474E-10
  592      0.547379E-10      0.000000E+00     -0.239185E-10
  600     -0.880308E-09      0.000000E+00      0.290095E-08
  608     -0.300668E-10      0.000000E+00     -0.144649E-10
  616     -0.276701E-09      0.000000E+00      0.519490E-09
  624      0.218778E-09      0.000000E+00     -0.549735E-09
  632     -0.335935E-08      0.000000E+00     -0.106346E-07
  640     -0.544008E-09      0.000000E+00      0.823612E-08
  648      0.159743E-09      0.000000E+00      0.185478E-09
  656     -0.171335E-10      0.000000E+00     -0.210301E-10
  664     -0.127797E-09      0.000000E+00      0.147981E-08
  672      0.543816E-10      0.000000E+00      0.508572E-11
  680      0.970448E-10      0.000000E+00      0.107716E-09
  688     -0.102595E-09      0.000000E+00     -0.100107E-09
  696     -0.212991E-08      0.000000E+00      0.724225E-08
  704      0.109179E-11      0.000000E+00     -0.158615E-11
  712     -0.196665E-09      0.000000E+00      0.419445E-09
  720      0.654387E-10      0.000000E+00     -0.323988E-10
  728      0.402879E-09      0.000000E+00      0.472186E-08
  736     -0.572363E-11      0.000000E+00     -0.182876E-10
  744     -0.149599E-09      0.000000E+00      0.105726E-09
  752     -0.186743E-09      0.000000E+00      0.713553E-09
  760      0.646751E-09      0.000000E+00     -0.180625E-08
  768     -0.633890E-11      0.000000E+00      0.163434E-10
  776      0.296164E-09      0.000000E+00      0.234264E-09
  784      0.442260E-11      0.000000E+00     -0.105994E-10
  792     -0.709582E-09      0.000000E+00     -0.125856E-08
  800      0.199624E-09      0.000000E+00     -0.574278E-10
  808      0.168454E-09      0.000000E+00      0.504469E-09
  816      0.623507E-10      0.000000E+00     -0.106512E-09
  824      0.911045E-09      0.000000E+00      0.353677E-08
  832      0.183564E-11      0.000000E+00     -0.588109E-12
  840      0.204483E-10      0.000000E+00      0.304230E-10
  848      0.100355E-09      0.000000E+00      0.361259E-10
  856     -0.550350E-09      0.000000E+00     -0.210104E-08
  864     -0.208511E-10      0.000000E+00     -0.139604E-10
  872      0.798781E-10      0.000000E+00      0.349677E-09
  880      0.214039E-09      0.000000E+00      0.470690E-09
  888      0.103233E-08      0.000000E+00      0.102338E-08
  896      0.907529E-09      0.000000E+00     -0.228915E-08
  904      0.259461E-09      0.000000E+00      0.376328E-09
  912      0.688996E-11      0.000000E+00      0.307826E-10
  920      0.675169E-10      0.000000E+00      0.118578E-09
  928     -0.824974E-10      0.000000E+00      0.718893E-11
  936     -0.781724E-10      0.000000E+00      0.321425E-10
  944     -0.129118E-10      0.000000E+00      0.123817E-09
  952     -0.952659E-09      0.000000E+00      0.154597E-08
  960     -0.178590E-11      0.000000E+00     -0.384568E-11
  968     -0.568446E-10      0.000000E+00      0.354885E-09
  976      0.100661E-10      0.000000E+00      0.403608E-10
  984     -0.525943E-09      0.000000E+00      0.717651E-09
  992     -0.654786E-11      0.000000E+00     -0.127027E-10
 1000     -0.142628E-09      0.000000E+00      0.254741E-09
 1008      0.130955E-09      0.000000E+00     -0.131424E-09
 1016     -0.390898E-08      0.000000E+00      0.105121E-07
 1024      0.000000E+00      0.000000E+00      0.000000E+00
 1032      0.351583E-10      0.000000E+00      0.374574E-10
 1040     -0.746123E-11      0.000000E+00     -0.599505E-11
 1048      0.485089E-09      0.000000E+00     -0.243199E-08
 1056      0.741063E-10      0.000000E+00      0.480151E-11
 1064      0.299127E-10      0.000000E+00      0.458099E-09
 1072     -0.591291E-10      0.000000E+00     -0.181944E-09
 1080      0.217533E-08      0.000000E+00     -0.261747E-08
 1088     -0.106337E-11      0.000000E+00      0.193488E-12
 1096      0.126323E-10      0.000000E+00      0.148870E-09
 1104     -0.405175E-10      0.000000E+00     -0.167100E-10
 1112     -0.752961E-09      0.000000E+00      0.279244E-08
 1120     -0.331790E-10      0.000000E+00     -0.112817E-10
 1128      0.108133E-10      0.000000E+00      0.197223E-10
 1136      0.732593E-10      0.000000E+00     -0.835941E-09
 1144      0.183728E-08      0.000000E+00      0.263338E-07
 1152      0.468066E-08      0.000000E+00     -0.126121E-07
 1160      0.144513E-10      0.000000E+00      0.514487E-09
 1168     -0.954431E-12      0.000000E+00      0.101201E-10
 1176      0.423016E-09      0.000000E+00      0.600553E-09
 1184      0.112646E-09      0.000000E+00      0.218671E-11
 1192     -0.100145E-09      0.000000E+00      0.615590E-10
 1200      0.259655E-10      0.000000E+00      0.208159E-09
 1208     -0.298526E-08      0.000000E+00      0.419147E-08
 1216     -0.300870E-12      0.000000E+00      0.344449E-11
 1224      0.100285E-09      0.000000E+00      0.157056E-09
 1232      0.224651E-10      0.000000E+00     -0.114804E-10
 1240     -0.145873E-09      0.000000E+00      0.108062E-09
 1248     -0.413202E-11      0.000000E+00     -0.203198E-10
 1256     -0.536248E-09      0.000000E+00      0.383520E-09
 1264      0.167847E-09      0.000000E+00     -0.326624E-09
 1272      0.348165E-08      0.000000E+00     -0.227527E-08
 1280      0.633890E-11      0.000000E+00     -0.163434E-10
 1288     -0.350654E-09      0.000000E+00     -0.196134E-10
 1296      0.527058E-10      0.000000E+00      0.575275E-10
 1304      0.111150E-08      0.000000E+00      0.212669E-08
 1312      0.657092E-09      0.000000E+00      0.189543E-09
 1320     -0.311148E-09      0.000000E+00      0.488261E-10
 1328     -0.777169E-10      0.000000E+00     -0.181176E-09
 1336     -0.142354E-08      0.000000E+00      0.616110E-08
 1344      0.300870E-12      0.000000E+00     -0.151181E-11
 1352     -0.111059E-09      0.000000E+00      0.352597E-09
 1360      0.686219E-10      0.000000E+00     -0.670559E-11
 1368     -0.173522E-08      0.000000E+00      0.122810E-08
 1376     -0.149891E-10      0.000000E+00     -0.103722E-10
 1384     -0.513056E-09      0.000000E+00      0.488261E-10
 1392      0.113277E-09      0.000000E+00     -0.108345E-09
 1400      0.246119E-08      0.000000E+00      0.675132E-09
 1408      0.907046E-09      0.000000E+00     -0.228909E-08
 1416     -0.988376E-10      0.000000E+00      0.429977E-09
 1424      0.540132E-10      0.000000E+00      0.375186E-10
 1432      0.472128E-09      0.000000E+00      0.662399E-09
 1440      0.137386E-10      0.000000E+00      0.422045E-10
 1448     -0.184558E-09      0.000000E+00      0.211853E-09
 1456      0.834911E-10      0.000000E+00     -0.287079E-10
 1464     -0.768735E-09      0.000000E+00     -0.223294E-08
 1472     -0.166511E-11      0.000000E+00     -0.201248E-11
 1480      0.126323E-10      0.000000E+00     -0.548563E-10
 1488      0.586678E-11      0.000000E+00     -0.735534E-10
 1496     -0.372934E-09      0.000000E+00     -0.307716E-08
 1504     -0.464361E-11      0.000000E+00     -0.172502E-10
 1512     -0.335726E-09      0.000000E+00      0.552032E-09
 1520     -0.279789E-10      0.000000E+00      0.197245E-09
 1528      0.101392E-08      0.000000E+00     -0.278735E-08
 1536      0.126851E-12      0.000000E+00     -0.185057E-11
 1544     -0.158651E-09      0.000000E+00      0.512171E-10
 1552      0.178394E-10      0.000000E+00     -0.176195E-10
 1560     -0.225088E-09      0.000000E+00      0.151118E-08
 1568     -0.705034E-10      0.000000E+00     -0.884217E-10
 1576     -0.375722E-09      0.000000E+00      0.211626E-09
 1584     -0.944791E-11      0.000000E+00      0.351418E-09
 1592     -0.284008E-08      0.000000E+00      0.249243E-09
 1600     -0.949686E-12      0.000000E+00     -0.261260E-12
 1608     -0.174951E-09      0.000000E+00      0.507211E-09
 1616      0.461261E-10      0.000000E+00     -0.531573E-10
 1624      0.320261E-09      0.000000E+00      0.370167E-09
 1632     -0.253772E-10      0.000000E+00     -0.226503E-10
 1640     -0.167334E-09      0.000000E+00     -0.130799E-09
 1648      0.441554E-10      0.000000E+00     -0.889317E-09
 1656     -0.416676E-09      0.000000E+00      0.369755E-08
 1664     -0.127054E-08      0.000000E+00     -0.365793E-08
 1672     -0.726328E-10      0.000000E+00      0.261420E-09
 1680     -0.211552E-10      0.000000E+00     -0.238549E-11
 1688      0.151225E-08      0.000000E+00     -0.104078E-09
 1696     -0.691960E-10      0.000000E+00     -0.589200E-10
 1704     -0.282783E-09      0.000000E+00      0.379200E-09
 1712      0.963181E-10      0.000000E+00     -0.269379E-09
 1720      0.510412E-09      0.000000E+00      0.518975E-08
 1728      0.125456E-12      0.000000E+00      0.119918E-11
 1736      0.409058E-09      0.000000E+00     -0.616775E-10
 1744      0.358801E-10      0.000000E+00     -0.602347E-11
 1752      0.955198E-09      0.000000E+00      0.227364E-08
 1760     -0.413202E-11      0.000000E+00     -0.187139E-10
 1768      0.244894E-09      0.000000E+00      0.515795E-09
 1776      0.567747E-10      0.000000E+00     -0.435479E-09
 1784     -0.282206E-08      0.000000E+00      0.156308E-08
 1792     -0.633890E-11      0.000000E+00      0.163434E-10
 1800     -0.925245E-10      0.000000E+00      0.142831E-09
 1808      0.373243E-10      0.000000E+00     -0.221386E-10
 1816     -0.574423E-09      0.000000E+00     -0.126926E-08
 1824     -0.282423E-09      0.000000E+00     -0.291482E-10
 1832      0.241573E-10      0.000000E+00     -0.575706E-10
 1840      0.441501E-10      0.000000E+00     -0.143063E-09
 1848     -0.158444E-08      0.000000E+00      0.874453E-09
 1856      0.585087E-12      0.000000E+00      0.165721E-11
 1864      0.223095E-09      0.000000E+00      0.441941E-09
 1872      0.368891E-10      0.000000E+00     -0.204333E-10
 1880     -0.824605E-09      0.000000E+00     -0.202021E-08
 1888     -0.164031E-10      0.000000E+00     -0.140599E-10
 1896     -0.582514E-10      0.000000E+00      0.972211E-10
 1904      0.245346E-09      0.000000E+00     -0.425447E-09
 1912     -0.444820E-08      0.000000E+00     -0.272902E-08
 1920      0.907017E-09      0.000000E+00     -0.228904E-08
 1928     -0.214880E-10      0.000000E+00      0.170810E-09
 1936      0.317874E-10      0.000000E+00     -0.808010E-10
 1944     -0.432933E-09      0.000000E+00      0.114801E-08
 1952      0.811106E-11      0.000000E+00     -0.391953E-10
 1960     -0.906264E-10      0.000000E+00      0.332901E-09
 1968     -0.896291E-10      0.000000E+00     -0.818707E-10
 1976     -0.222901E-08      0.000000E+00      0.258313E-08
 1984     -0.245381E-11      0.000000E+00     -0.199827E-11
 1992     -0.884030E-11      0.000000E+00      0.810989E-10
 2000      0.344093E-10      0.000000E+00     -0.637764E-10
 2008      0.669503E-09      0.000000E+00     -0.114386E-08
 2016     -0.364885E-11      0.000000E+00     -0.181597E-10
 2024      0.450686E-10      0.000000E+00      0.191873E-09
 2032     -0.172134E-09      0.000000E+00      0.826956E-09
 2040      0.538075E-09      0.000000E+00     -0.120862E-07
