 =============================================
 incident v= 8.55   i. angle=20.0   app. v=   24.99852762
    for isotropic medium : q3 for i. wave =  0.109906E+00


******** layer  1

tolp=.10E-17%   **new solutions**
 iterations :
               satistied at step  7
quadratic form that was factored out=
  0.100000E+01 xx + -0.000000E+00 x + -0.147658E-01
b= -0.000000000000000E+00 sqrt(bb-4ac)=  0.243028831004697E+00
roots=(  0.121514415502348E+00  0.000000000000000E+00)
      ( -0.121514415502348E+00  0.000000000000000E+00)

reduced equation=
   0.93383E+06   0.00000E+00  -0.87181E+05   0.00000E+00   0.20335E+04
 sqrt(bb-4ac)/b =   0.253109408459043E-01
x**2= (  0.478605120294722E-01  0.000000000000000E+00)
      (  0.454975320970954E-01  0.000000000000000E+00)
residual for each solution
  0.4441E-15  0.4441E-15 -0.1421E-13 -0.1421E-13 -0.1421E-13 -0.1421E-13
  "q3" : rearranged vertical slowness=
           0.12151442
          -0.12151442
           0.21330151
          -0.21330151
           0.21877046
          -0.21877046
incidence angle of P, S1, S2 :
 18.221 10.622 10.362

check if the polarization gives "0"
   0.000000E+00   0.666134E-15   0.000000E+00
   0.000000E+00   0.666134E-15   0.000000E+00
   0.000000E+00   0.748290E-13   0.000000E+00
   0.000000E+00   0.748290E-13   0.000000E+00
   0.000000E+00   0.000000E+00   0.142109E-13
   0.000000E+00   0.000000E+00   0.142109E-13
===(x,y,z) of polarization vectors===
          0.32312944          0.00000000          0.94635478
         -0.32312944          0.00000000          0.94635478
          0.98211015          0.00000000         -0.18830736
         -0.98211015          0.00000000         -0.18830736
          0.00000000          1.00000000          0.00000000
          0.00000000          1.00000000          0.00000000
 e-matrix=
     0.32313    -0.32313     0.98211    -0.98211     0.00000     0.00000
     0.94635     0.94635    -0.18831    -0.18831     0.00000     0.00000
   600.43118  -600.43118  -138.67067   138.67067     0.00000     0.00000
   133.62214   133.62214   349.90811   349.90811     0.00000     0.00000
     0.00000     0.00000     0.00000     0.00000     1.00000     1.00000
     0.00000     0.00000     0.00000     0.00000   365.55485  -365.55485


******** layer  2

tolp=.10E-17%   **new solutions**
 iterations :
               satistied at step  8
quadratic form that was factored out=
  0.100000E+01 xx + -0.000000E+00 x + -0.120793E-01
b= -0.000000000000000E+00 sqrt(bb-4ac)=  0.219811535391081E+00
roots=(  0.109905767695541E+00  0.000000000000000E+00)
      ( -0.109905767695541E+00  0.000000000000000E+00)

reduced equation=
   0.15292E+07   0.00000E+00  -0.13357E+06   0.00000E+00   0.29166E+04
 sqrt(bb-4ac)/b =   0.456943653466127E-05
x**2= (  0.436720933811329E-01  0.000000000000000E+00)
      (  0.436716942692385E-01  0.000000000000000E+00)
residual for each solution
  0.7105E-14  0.7105E-14  0.7105E-13  0.7105E-13  0.5684E-13  0.5684E-13
  "q3" : rearranged vertical slowness=
           0.10990577
          -0.10990577
           0.20897774
          -0.20897774
           0.20897869
          -0.20897869
incidence angle of P, S1, S2 :
 20.000 10.836 10.836

check if the polarization gives "0"
   0.000000E+00   0.888178E-15   0.000000E+00
   0.000000E+00   0.888178E-15   0.000000E+00
   0.000000E+00   0.129212E-08   0.000000E+00
   0.000000E+00   0.129212E-08   0.000000E+00
   0.000000E+00   0.000000E+00   0.242915E-09
   0.000000E+00   0.000000E+00   0.242915E-09
===(x,y,z) of polarization vectors===
          0.34200665          0.00000000          0.93969753
         -0.34200665          0.00000000          0.93969753
          0.98216972          0.00000000         -0.18799638
         -0.98216972          0.00000000         -0.18799638
          0.00000000          1.00000000          0.00000000
          0.00000000          1.00000000          0.00000000
 e-matrix=
     0.34201    -0.34201     0.98217    -0.98217     0.00000     0.00000
     0.93970     0.93970    -0.18800    -0.18800     0.00000     0.00000
   695.20130  -695.20130  -151.85983   151.85983     0.00000     0.00000
   145.29291   145.29291   382.14266   382.14266     0.00000     0.00000
     0.00000     0.00000     0.00000     0.00000     1.00000     1.00000
     0.00000     0.00000     0.00000     0.00000   403.87976  -403.87976
